{
  "stats": {
    "suites": 0,
    "tests": 1,
    "passes": 1,
    "pending": 0,
    "failures": 0,
    "start": "2026-01-22T18:15:11.414Z",
    "end": "2026-01-22T18:15:11.837Z",
    "duration": 423,
    "testsRegistered": 1,
    "passPercent": 100,
    "pendingPercent": 0,
    "other": 0,
    "hasOther": false,
    "skipped": 0,
    "hasSkipped": false
  },
  "results": [
    {
      "uuid": "a7f9feab-ef66-4dcc-84d8-b549b25d7d4e",
      "title": "",
      "fullFile": "cypress\\e2e\\post_all_products.cy.js",
      "file": "cypress\\e2e\\post_all_products.cy.js",
      "beforeHooks": [],
      "afterHooks": [],
      "tests": [
        {
          "title": "POST To All Products List",
          "fullTitle": "POST To All Products List",
          "timedOut": null,
          "duration": 366,
          "state": "passed",
          "speed": "fast",
          "pass": true,
          "fail": false,
          "pending": false,
          "context": null,
          "code": "// Faz a requisição\ncy.request({\n  method: 'POST',\n  url: 'https://automationexercise.com/api/productsList',\n  failOnStatusCode: false,\n  //evita que o cypress falhe antes do teste\n  //corpo da requisição com as credências de um usuário cadastrado.\n  body: {\n    email: 'teste3@outlook.com',\n    password: 'teste'\n  }\n}).then(response => {\n  //Verifica o status code é o esperado\n  expect(response.status).to.eq(200);\n  //Verifica se a contem a mensagem no corpo da requisição\n  expect(response.body.responseCode).to.eq(405);\n  expect(response.body.message).to.eq(\"This request method is not supported.\");\n});",
          "err": {},
          "uuid": "0c31362e-bdda-452f-a7ce-f3476bf89c77",
          "parentUUID": "a7f9feab-ef66-4dcc-84d8-b549b25d7d4e",
          "isHook": false,
          "skipped": false
        }
      ],
      "suites": [],
      "passes": [
        "0c31362e-bdda-452f-a7ce-f3476bf89c77"
      ],
      "failures": [],
      "pending": [],
      "skipped": [],
      "duration": 366,
      "root": true,
      "rootEmpty": false,
      "_timeout": 2000
    }
  ],
  "meta": {
    "mocha": {
      "version": "7.2.0"
    },
    "mochawesome": {
      "options": {
        "quiet": false,
        "reportFilename": "mochawesome",
        "saveHtml": false,
        "saveJson": true,
        "consoleReporter": "spec",
        "useInlineDiffs": false,
        "code": true
      },
      "version": "7.1.4"
    },
    "marge": {
      "options": {
        "reportDir": "cypress/results",
        "overwrite": false,
        "html": false,
        "json": true
      },
      "version": "6.3.2"
    }
  }
}